<?xml version="1.0" encoding="UTF-8"?>
<!-- Generated by org.testng.reporters.JUnitReportReporter -->
<testsuite hostname="joga" failures="0" tests="1" name="vtiger_Testcase.Tc002_CreateOrganizationTest" time="66.615" errors="0" timestamp="2021-12-16T13:38:54 IST" skipped="0">
  <testcase classname="vtiger_Testcase.Tc002_CreateOrganizationTest" name="test2" time="66.615"/>
  <system-out/>
</testsuite> <!-- vtiger_Testcase.Tc002_CreateOrganizationTest -->
