<?xml version="1.0" encoding="UTF-8"?>
<!-- Generated by org.testng.reporters.JUnitReportReporter -->
<testsuite hostname="joga" failures="0" tests="1" name="jdbc_Demo.ApplicationUsingLOG4j" time="14.023" errors="0" timestamp="2021-12-30T15:42:59 IST" skipped="0">
  <testcase classname="jdbc_Demo.ApplicationUsingLOG4j" name="openbrowserLogin" time="14.023"/>
  <system-out/>
</testsuite> <!-- jdbc_Demo.ApplicationUsingLOG4j -->
