<?xml version="1.0" encoding="UTF-8"?>
<!-- Generated by org.testng.reporters.JUnitReportReporter -->
<testsuite hostname="joga" failures="0" tests="1" name="jdbc_Demo.Vtiger_attribute" time="35.570" errors="0" timestamp="2021-12-23T12:32:02 IST" skipped="0">
  <testcase classname="jdbc_Demo.Vtiger_attribute" name="titleattribut" time="35.570"/>
  <system-out/>
</testsuite> <!-- jdbc_Demo.Vtiger_attribute -->
