<?xml version="1.0" encoding="UTF-8"?>
<!-- Generated by org.testng.reporters.JUnitReportReporter -->
<testsuite hostname="joga" failures="0" tests="1" name="jdbc_Demo.Allorgnameprint" time="34.501" errors="0" timestamp="2021-12-22T23:46:11 IST" skipped="0">
  <testcase classname="jdbc_Demo.Allorgnameprint" name="allorgprint" time="34.501"/>
  <system-out/>
</testsuite> <!-- jdbc_Demo.Allorgnameprint -->
