<?xml version="1.0" encoding="UTF-8"?>
<!-- Generated by org.testng.reporters.JUnitReportReporter -->
<testsuite hostname="joga" failures="0" tests="2" name="vtiger_Testcase.Tc003_CreateContactTest" time="166.100" errors="0" timestamp="2021-12-16T11:26:46 IST" skipped="0">
  <testcase classname="vtiger_Testcase.Tc003_CreateContactTest" name="test3" time="80.510"/>
  <system-out/>
  <testcase classname="vtiger_Testcase.Tc003_CreateContactTest" name="test31" time="85.590"/>
  <system-out/>
</testsuite> <!-- vtiger_Testcase.Tc003_CreateContactTest -->
