<?xml version="1.0" encoding="UTF-8"?>
<!-- Generated by org.testng.reporters.JUnitReportReporter -->
<testsuite hostname="joga" failures="0" tests="1" name="vtiger_Testcase.Tc003_CreateContactTest" time="96.952" errors="0" timestamp="2021-12-16T13:38:54 IST" skipped="0">
  <testcase classname="vtiger_Testcase.Tc003_CreateContactTest" name="test31" time="96.952"/>
  <system-out/>
</testsuite> <!-- vtiger_Testcase.Tc003_CreateContactTest -->
