<?xml version="1.0" encoding="UTF-8"?>
<!-- Generated by org.testng.reporters.JUnitReportReporter -->
<testsuite hostname="joga" failures="0" tests="1" name="jdbc_Demo.Webtableselectalltable" time="70.545" errors="0" timestamp="2021-12-22T23:28:03 IST" skipped="0">
  <testcase classname="jdbc_Demo.Webtableselectalltable" name="webtablesalltableselect" time="70.545"/>
  <system-out/>
</testsuite> <!-- jdbc_Demo.Webtableselectalltable -->
