<?xml version="1.0" encoding="UTF-8"?>
<!-- Generated by org.testng.reporters.JUnitReportReporter -->
<testsuite hostname="joga" failures="0" tests="1" name="com.Vtiger_PomClass.IccTeam" time="63.903" errors="0" timestamp="2021-12-22T18:19:06 IST" skipped="0">
  <testcase classname="com.Vtiger_PomClass.IccTeam" name="Iccteam" time="63.903"/>
  <system-out/>
</testsuite> <!-- com.Vtiger_PomClass.IccTeam -->
