<?xml version="1.0" encoding="UTF-8"?>
<!-- Generated by org.testng.reporters.JUnitReportReporter -->
<testsuite hostname="joga" failures="0" tests="1" name="jdbc_Demo.Iccteam2" time="28.159" errors="0" timestamp="2021-12-23T12:53:04 IST" skipped="0">
  <testcase classname="jdbc_Demo.Iccteam2" name="iccteam2get" time="28.159"/>
  <system-out/>
</testsuite> <!-- jdbc_Demo.Iccteam2 -->
