<?xml version="1.0" encoding="UTF-8"?>
<!-- Generated by org.testng.reporters.JUnitReportReporter -->
<testsuite hostname="joga" failures="0" tests="2" name="vtiger_Testcase.Tc003_CreateContactTest" time="209.406" errors="0" timestamp="2021-12-15T10:25:58 IST" skipped="0">
  <testcase classname="vtiger_Testcase.Tc003_CreateContactTest" name="test31" time="110.010"/>
  <system-out/>
  <testcase classname="vtiger_Testcase.Tc003_CreateContactTest" name="test3" time="99.396"/>
  <system-out/>
</testsuite> <!-- vtiger_Testcase.Tc003_CreateContactTest -->
