<?xml version="1.0" encoding="UTF-8"?>
<!-- Generated by org.testng.reporters.JUnitReportReporter -->
<testsuite hostname="joga" failures="0" tests="1" name="jdbc_Demo.WebTables1" time="31.727" errors="0" timestamp="2021-12-22T16:27:07 IST" skipped="0">
  <testcase classname="jdbc_Demo.WebTables1" name="webtables" time="31.727"/>
  <system-out/>
</testsuite> <!-- jdbc_Demo.WebTables1 -->
