<?xml version="1.0" encoding="UTF-8"?>
<!-- Generated by org.testng.reporters.JUnitReportReporter -->
<testsuite hostname="joga" failures="0" tests="2" name="vtiger_Testcase.Tc002_CreateOrganizationTest" time="160.497" errors="0" timestamp="2021-12-15T10:25:58 IST" skipped="0">
  <testcase classname="vtiger_Testcase.Tc002_CreateOrganizationTest" name="test2_1" time="89.316"/>
  <system-out/>
  <testcase classname="vtiger_Testcase.Tc002_CreateOrganizationTest" name="test2" time="71.181"/>
  <system-out/>
</testsuite> <!-- vtiger_Testcase.Tc002_CreateOrganizationTest -->
