<?xml version="1.0" encoding="UTF-8"?>
<!-- Generated by org.testng.reporters.JUnitReportReporter -->
<testsuite hostname="joga" failures="0" tests="1" name="jdbc_Demo.Logfourj" time="85.308" errors="0" timestamp="2021-12-30T15:28:59 IST" skipped="0">
  <testcase classname="jdbc_Demo.Logfourj" name="openbrowserLogin" time="85.308"/>
  <system-out/>
</testsuite> <!-- jdbc_Demo.Logfourj -->
