<?xml version="1.0" encoding="UTF-8"?>
<!-- Generated by org.testng.reporters.JUnitReportReporter -->
<testsuite hostname="joga" failures="0" tests="1" name="vtiger_Testcase.Tc001_CreateOrganizationTest" time="74.743" errors="0" timestamp="2021-12-16T11:30:13 IST" skipped="0">
  <testcase classname="vtiger_Testcase.Tc001_CreateOrganizationTest" name="test2" time="74.743"/>
  <system-out/>
</testsuite> <!-- vtiger_Testcase.Tc001_CreateOrganizationTest -->
