<?xml version="1.0" encoding="UTF-8"?>
<!-- Generated by org.testng.reporters.JUnitReportReporter -->
<testsuite hostname="joga" failures="0" tests="1" name="jdbc_Demo.Noon" time="21.585" errors="0" timestamp="2021-12-23T12:09:18 IST" skipped="0">
  <testcase classname="jdbc_Demo.Noon" name="noon" time="21.585"/>
  <system-out/>
</testsuite> <!-- jdbc_Demo.Noon -->
