<?xml version="1.0" encoding="UTF-8"?>
<!-- Generated by org.testng.reporters.JUnitReportReporter -->
<testsuite hostname="joga" failures="0" tests="2" name="vtiger_Testcase.Tc001_CreateOrganizationTest" time="187.832" errors="0" timestamp="2021-12-10T10:09:17 IST" skipped="0">
  <testcase classname="vtiger_Testcase.Tc001_CreateOrganizationTest" name="test2" time="72.866"/>
  <system-out/>
  <testcase classname="vtiger_Testcase.Tc001_CreateOrganizationTest" name="test1" time="114.966"/>
  <system-out/>
</testsuite> <!-- vtiger_Testcase.Tc001_CreateOrganizationTest -->
