<?xml version="1.0" encoding="UTF-8"?>
<!-- Generated by org.testng.reporters.JUnitReportReporter -->
<testsuite hostname="joga" failures="0" tests="1" name="jdbc_Demo.Task002Bluwston" time="24.938" errors="0" timestamp="2021-12-22T12:35:13 IST" skipped="0">
  <testcase classname="jdbc_Demo.Task002Bluwston" name="deliverydesings" time="24.938"/>
  <system-out/>
</testsuite> <!-- jdbc_Demo.Task002Bluwston -->
