<?xml version="1.0" encoding="UTF-8"?>
<!-- Generated by org.testng.reporters.JUnitReportReporter -->
<testsuite hostname="joga" failures="0" tests="1" name="jdbc_Demo.Iccteam_lastCountry" time="16.935" errors="0" timestamp="2021-12-23T12:18:27 IST" skipped="0">
  <testcase classname="jdbc_Demo.Iccteam_lastCountry" name="lastcountry" time="16.935"/>
  <system-out/>
</testsuite> <!-- jdbc_Demo.Iccteam_lastCountry -->
