<?xml version="1.0" encoding="UTF-8"?>
<!-- Generated by org.testng.reporters.JUnitReportReporter -->
<testsuite hostname="venky-pc" failures="0" tests="2" name="jdbc_Demo.Jdbc_demoTest" time="0.682" errors="0" timestamp="2021-12-07T23:04:20 IST" skipped="1">
  <testcase classname="jdbc_Demo.Jdbc_demoTest" name="jdbcTest" time="0.682"/>
  <system-out/>
  <testcase classname="jdbc_Demo.Jdbc_demoTest" name="jdbcTestupdate">
    <skipped/>
  </testcase> <!-- jdbcTestupdate -->
  <system-out/>
</testsuite> <!-- jdbc_Demo.Jdbc_demoTest -->
