<?xml version="1.0" encoding="UTF-8"?>
<!-- Generated by org.testng.reporters.JUnitReportReporter -->
<testsuite hostname="joga" failures="0" tests="5" name="com.VtigerGenric.DataProviderss" time="0.067" errors="0" timestamp="2021-12-10T00:58:34 IST" skipped="0">
  <testcase classname="com.VtigerGenric.DataProviderss" name="sampledemoDataProvider" time="0.012"/>
  <system-out/>
  <testcase classname="com.VtigerGenric.DataProviderss" name="sampledemoDataProvider" time="0.008"/>
  <system-out/>
  <testcase classname="com.VtigerGenric.DataProviderss" name="sampledemoDataProvider" time="0.005"/>
  <system-out/>
  <testcase classname="com.VtigerGenric.DataProviderss" name="sampledemoDataProvider" time="0.017"/>
  <system-out/>
  <testcase classname="com.VtigerGenric.DataProviderss" name="sampledemoDataProvider" time="0.025"/>
  <system-out/>
</testsuite> <!-- com.VtigerGenric.DataProviderss -->
