<?xml version="1.0" encoding="UTF-8"?>
<!-- Generated by org.testng.reporters.JUnitReportReporter -->
<testsuite hostname="joga" failures="0" tests="1" name="jdbc_Demo.Iccteam1" time="56.918" errors="0" timestamp="2021-12-23T10:00:27 IST" skipped="0">
  <testcase classname="jdbc_Demo.Iccteam1" name="Iccteam" time="56.918"/>
  <system-out/>
</testsuite> <!-- jdbc_Demo.Iccteam1 -->
