<?xml version="1.0" encoding="UTF-8"?>
<!-- Generated by org.testng.reporters.JUnitReportReporter -->
<testsuite hostname="joga" failures="0" tests="1" name="jdbc_Demo.CalenderPopUp" time="48.822" errors="0" timestamp="2021-12-21T23:00:16 IST" skipped="0">
  <testcase classname="jdbc_Demo.CalenderPopUp" name="testCity1" time="48.822"/>
  <system-out/>
</testsuite> <!-- jdbc_Demo.CalenderPopUp -->
