<?xml version="1.0" encoding="UTF-8"?>
<!-- Generated by org.testng.reporters.JUnitReportReporter -->
<testsuite hostname="joga" failures="0" tests="1" name="jdbc_Demo.Normalize_space" time="39.001" errors="0" timestamp="2021-12-23T12:49:09 IST" skipped="0">
  <testcase classname="jdbc_Demo.Normalize_space" name="lastcountry" time="39.001"/>
  <system-out/>
</testsuite> <!-- jdbc_Demo.Normalize_space -->
